DELETE /api/persons/61fc44d3d7df5c336d0ee8ea 204 621.085 {}
DELETE /api/persons/61fc128eaa859b2f96bb0c00 204 135.662 {}
GET /api/persons 200 76.662 {}
GET /api/persons 200 110.335 {}
GET /api/persons 200 150.849 {}
POST /api/persons 200 120.465 {"name":"anh","number":""}
DELETE /api/persons/61fd256f55091fadffda9764 204 51.361 {}
GET /api/persons 200 57.178 {}
POST /api/persons 200 82.364 {"name":"traanh","number":"gfhfjgj"}
PUT /api/persons/61fd27c955091fadffda9768 404 45.921 {"name":"traanh","number":"hk.jhlk-"}
GET /api/persons 200 101.408 {}
PUT /api/persons/61fd27c955091fadffda9768 404 20.172 {"name":"traanh","number":"134"}
GET /api/persons 200 85.966 {}
GET /api/persons 200 60.063 {}
GET /api/persons 200 79.854 {}
PUT /api/persons/61fd27c955091fadffda9768 404 0.648 {"name":"traanh","number":"435765"}
GET /api/persons 200 82.101 {}
GET /api/persons 200 66.462 {}
GET /api/persons 304 101.742 {}
GET /api/persons 304 69.051 {}
GET /api/persons 304 79.704 {}
