GET /api/persons 304 816.078 {}
GET /api/persons 200 88.984 {}
GET /api/persons 200 65.216 {}
DELETE /api/persons/61fd27c955091fadffda9768 204 219.143 {}
DELETE /api/persons/61fc11cf15ab219c76ee69f4 204 82.979 {}
POST /api/persons 200 94.619 {"name":"traanh","number":"123456"}
PUT /api/persons/61ffe77955091fadffda9778 404 9.769 {"name":"traanh","number":"456789"}
GET /api/persons 200 69.513 {}
GET /api/persons 200 95.208 {}
PUT /api/persons/61ffe77955091fadffda9778 404 1.927 {"name":"traanh","number":"wu59045"}
GET /api/persons 200 88.340 {}
GET /api/persons 200 59.143 {}
PUT /api/persons/61ffe77955091fadffda9778 404 0.825 {"name":"traanh","number":"67567q5"}
GET /api/persons 304 60.144 {}
GET /api/persons 200 80.468 {}
PUT /api/persons/61ffe77955091fadffda9778 404 1.393 {"name":"traanh","number":"e4098q39"}
GET /api/persons 304 212.927 {}
GET /api/persons 200 98.265 {}
GET /api/persons 200 89.187 {}
GET /api/persons 200 72.998 {}
PUT /api/persons/61ffe77955091fadffda9778 404 16.337 {"name":"traanh","number":"89534860"}
GET /api/persons 200 101.085 {}
GET /api/persons 200 58.474 {}
PUT /api/persons 404 11.813 {"name":"traanh","number":"234432"}
PUT /api/persons/61ffe77955091fadffda9778 404 11.094 {"name":"traanh","number":"234432"}
GET /api/persons 304 154.019 {}
PUT /api/persons/61ffe77955091fadffda9778 404 0.259 {"name":"traanh","number":"234432"}
GET /api/persons 304 756.017 {}
GET /api/persons 200 85.852 {}
GET /api/persons 304 72.810 {}
GET /api/persons 200 77.056 {}
GET /api/persons 304 79.359 {}
GET /api/persons/61fc114ec3eccfd967291c3c 200 91.851 {}
GET /api/persons/61ffe77955091fadffda9778 200 56.827 {}
GET /api/persons 200 59.498 {}
GET /api/persons 200 89.490 {}
GET /api/persons 200 87.541 {}
PUT /api/persons/61ffe77955091fadffda9778 404 2.080 {"name":"traanh","number":"rweipowe"}
GET /api/persons 304 94.150 {}
GET /api/persons 304 87.780 {}
GET /api/persons/61ffe77955091fadffda9778 200 83.224 {}
PUT /api/persons/61ffe77955091fadffda9778 404 1.181 {"name":"traanh","number":"234432"}
GET /api/persons/61ffe77955091fadffda9778 200 78.449 {"name":"traanh","number":"234432"}
PUT /api/persons/61ffe77955091fadffda9778 404 2.459 {"name":"traanh","number":"234432"}
GET /api/notes/ 404 0.944 {}
GET /api/persons/61ffe77955091fadffda9778 304 103.217 {}
GET /api/persons 200 79.267 {}
PUT /api/persons/61ffe77955091fadffda9778 404 1.208 {"name":"traanh","number":"ei5[p34"}
GET /api/persons/61ffe77955091fadffda9778 200 85.204 {}
GET /api/persons/61ffe77955091fadffda9778 304 69.168 {}
GET /api/persons/61ffe77955091fadffda9778 304 94.503 {}
GET /api/persons 200 76.456 {}
PUT /api/persons/61ffe77955091fadffda9778 404 1.285 {"name":"traanh","number":"iu52[o5u"}
GET /api/persons 200 111.334 {}
PUT /api/persons/61ffe77955091fadffda9778 404 2.563 {"name":"traanh","number":"34ot3pq4ot"}
GET /api/persons 200 92.631 {}
GET /api/persons/61ffe77955091fadffda9778 200 78.629 {}
PUT /api/persons/61ffe77955091fadffda9778 404 1.120 {"name":"traanh","number":"234432"}
PUT /api/persons/61ffe77955091fadffda9778 404 0.715 {"id":"61ffe77955091fadffda9778","name":"traanh","number":"234432"}
PUT /api/persons/61ffe77955091fadffda9778 404 1.797 {"_id":"61ffe77955091fadffda9778","name":"traanh","number":"234432"}
PUT /api/persons/61ffe77955091fadffda9778 404 0.288 {"id":"61ffe77955091fadffda9778","name":"traanh","number":"234432"}
GET /api/persons/61ffe77955091fadffda9778 304 74.091 {}
GET /api/persons 200 131.921 {}
PUT /api/persons/61ffe77955091fadffda9778 404 1.214 {"name":"traanh","number":"tritoqit"}
GET /api/persons 200 104.139 {}
PUT /api/persons/61ffe77955091fadffda9778 404 1.297 {"name":"traanh","number":""}
GET /api/persons 200 110.395 {}
PUT /api/persons/61ffe77955091fadffda9778 404 1.245 {"name":"traanh","number":"yoio"}
GET /api/persons 200 68.823 {}
POST /api/persons 200 108.541 {"name":"test","number":"hlklkj"}
PUT /api/persons/61fff4b2cdf9a487a6497871 404 0.438 {"name":"test","number":"lkhlhl"}
GET /api/persons 200 90.688 {}
PUT /api/persons/61fff4b2cdf9a487a6497871 404 1.670 {"name":"test","number":"twejkhtwkle"}
GET /api/persons 200 68.903 {}
PUT /api/persons/61ffe77955091fadffda9778 404 0.574 {"name":"traanh","number":"234432"}
PUT /api/persons/61ffe77955091fadffda9778 404 2.145 {"name":"traanh","number":"234432"}
GET /api/persons 200 74.606 {}
PUT /api/persons/61ffe77955091fadffda9778 404 2.137 {"name":"traanh","number":"tydj"}
GET /api/persons/61ffe77955091fadffda9778 200 68.482 {}
GET /api/persons 304 72.804 {}
GET /api/persons 200 87.055 {}
PUT /api/persons/61ffe77955091fadffda9778 404 1.426 {"name":"traanh","number":"wierweoir"}
GET /api/persons 304 83.873 {}
GET /api/persons 200 146.341 {}
GET /api/persons 200 104.132 {}
GET /api/persons 304 105.091 {}
GET /api/persons/61fc114ec3eccfd967291c3c 304 64.679 {}
GET /api/persons/61fc114ec3eccfd967291c3c 304 81.719 {}
GET /api/persons 304 94.181 {}
GET /api/persons 200 60.863 {}
PUT /api/persons/61ffe77955091fadffda9778 404 15.116 {"name":"traanh","number":"fjwejfwpe"}
GET /api/persons 200 86.880 {}
PUT /api/persons/61ffe77955091fadffda9778 200 96.475 {"name":"traanh","number":"ejotqt"}
GET /api/persons 200 94.784 {}
DELETE /api/persons/61fff4b2cdf9a487a6497871 204 81.125 {}
GET /api/persons 200 61.546 {}
DELETE /api/persons/61ffe77955091fadffda9778 204 70.266 {}
DELETE /api/persons/61fc114ec3eccfd967291c3c 204 66.495 {}
GET /api/persons 200 97.456 {}
GET /api/persons 304 61.357 {}
GET /api/persons 304 122.997 {}
GET /info 200 101.802 {}
GET /info 200 103.113 {}
GET /info 200 110.073 {}
GET /info 200 73.457 {}
GET /info 200 115.065 {}
GET /api/persons 304 446.910 {}
GET /info 200 51.400 {}
GET /info 200 78.260 {}
GET /info 200 312.213 {}
GET /api/persons 304 110.252 {}
GET /info 200 255.584 {}
GET /info 200 74.285 {}
GET /info 200 398.740 {}
GET /info 200 77.223 {}
GET /info 200 100.479 {}
GET /info 200 88.104 {}
GET /info 200 299.018 {}
GET /info 200 334.029 {}
GET /info 200 97.179 {}
GET /info 200 948.770 {}
GET /info 200 166.410 {}
GET /info 200 106.443 {}
GET /info 200 96.813 {}
GET /info 200 75.254 {}
GET /api/persons 200 89.132 {}
PUT /api/persons/61ffe77955091fadffda9778 200 73.184 {"name":"traanh","number":"234432"}
POST /api/persons/61ffe77955091fadffda9778 404 0.646 {"name":"traanh","number":"234432"}
POST /api/persons 200 90.024 {"name":"traanh","number":"234432"}
POST /api/persons 200 54.428 {"name":"cuong","number":"hehe"}
POST /api/persons 200 59.524 {"name":"cun","number":"test"}
GET /api/persons 200 78.036 {}
GET /api/persons 200 66.142 {}
POST /api/persons 400 4.099 {"name":"he","number":""}
GET /api/persons 200 100.586 {}
GET /api/persons 200 113.198 {}
PUT /api/persons/62000a3c3368cb93e0a08a53 200 85.793 {"name":"traanh","number":"tirjterkqjtq"}
GET /api/persons 200 76.504 {}
POST /api/persons 200 97.549 {"name":"codfhf","number":"eajgaejg"}
POST /api/persons 200 64.766 {"name":"fgf;ldafjga;ld","number":""}
POST /api/persons 200 62.724 {"name":"klglfk","number":""}
POST /api/persons 400 5.797 {"name":"1","number":""}
GET /api/persons 200 79.467 {}
POST /api/persons 200 66.890 {"name":"nfDMSNF","number":""}
POST /api/persons 400 2.883 {"name":"1","number":""}
GET /api/persons 200 112.593 {}
POST /api/persons 400 13.631 {"name":"1","number":""}
GET /api/persons 200 68.721 {}
GET /api/persons 200 70.583 {}
GET /api/persons 200 216.095 {}
POST /api/persons 400 16.423 {"name":"2","number":""}
POST /api/persons 200 119.873 {"name":"cchg","number":""}
POST /api/persons 400 2.436 {"name":"f","number":""}
GET /api/persons 200 108.429 {}
POST /api/persons 400 13.322 {"name":"g","number":""}
POST /api/persons 400 0.741 {"name":"","number":""}
POST /api/persons 400 2.020 {"name":"b","number":""}
POST /api/persons 400 1.725 {"name":"b","number":""}
POST /api/persons 400 6.635 {"name":"b","number":""}
POST /api/persons 400 2.948 {"name":"l","number":""}
POST /api/persons 200 138.442 {"name":"traanh","number":"test"}
GET /api/persons 200 72.420 {}
GET /api/persons 200 96.991 {}
PUT /api/persons/62000a3c3368cb93e0a08a53 200 135.677 {"name":"traanh","number":"erewr"}
POST /api/persons 500 9.536 {"name":"traanh","number":"hehe"}
POST /api/persons 500 0.680 {"name":"traanh","number":"hehe"}
POST /api/persons 500 1.696 {"name":"test1","number":"hehe"}
POST /api/persons 500 1.584 {"name":"cuongno","number":"hehe"}
POST /api/persons 500 5.383 {"name":"cuongno","number":"hehe"}
GET /api/persons 200 149.908 {}
POST /api/persons 409 1.099 {"name":"cuongno","number":"hehe"}
GET /api/persons 200 94.944 {}
GET /api/persons 200 64.283 {}
POST /api/persons 409 2.760 {"name":"cun","number":"hehe"}
POST /api/persons 409 0.500 {"name":"traanh","number":"hehe"}
POST /api/persons 409 1.528 {"name":"traanhfdklfsd","number":"hehe"}
GET /api/persons 200 64.355 {}
GET /api/persons 200 57.484 {}
POST /api/persons 409 0.813 {"name":"lame","number":"hehe"}
GET /api/persons 200 116.148 {}
POST /api/persons 409 1.016 {"name":"lame","number":"hehe"}
GET /api/persons 200 93.719 {}
POST /api/persons 409 0.535 {"name":"are","number":"hehe"}
POST /api/persons 409 0.736 {"name":"traanh","number":"hehe"}
POST /api/persons 409 0.404 {"name":"cun","number":"hehe"}
POST /api/persons 409 0.830 {"name":"hum","number":"hehe"}
DELETE /api/persons/62001792dc6a42c68117c969 204 67.151 {}
DELETE /api/persons/62000f277895783abf7bfa1a 204 76.773 {}
DELETE /api/persons/62000c9b1eac84bf259f01c3 204 63.843 {}
DELETE /api/persons/62000c711eac84bf259f01bf 204 68.596 {}
DELETE /api/persons/62000c6d1eac84bf259f01bd 204 59.031 {}
DELETE /api/persons/62000c691eac84bf259f01bb 204 74.565 {}
DELETE /api/persons/62000a4a3368cb93e0a08a57 204 55.652 {}
DELETE /api/persons/62000a443368cb93e0a08a55 204 54.443 {}
DELETE /api/persons/62000a3c3368cb93e0a08a53 204 85.710 {}
GET /api/persons 200 59.289 {}
POST /api/persons 409 0.783 {"name":"cuong","number":""}
GET /api/persons 200 71.974 {}
GET /api/persons 200 83.716 {}
POST /api/persons 409 0.383 {"name":"cuong","number":""}
GET /api/persons 200 59.821 {}
GET /api/persons 200 72.130 {}
GET /api/persons 200 64.877 {}
POST /api/persons 409 0.390 {"name":"cuong","number":""}
GET /api/persons 200 513.123 {}
POST /api/persons 409 0.986 {"name":"cuong","number":""}
POST /api/persons 409 5.091 {"name":"cuong","number":""}
GET /api/persons 200 79.740 {}
POST /api/persons 409 1.479 {"name":"cuong","number":""}
GET /api/persons 200 104.446 {}
POST /api/persons 409 10.294 {"name":"cuong","number":""}
GET /api/persons 200 87.394 {}
POST /api/persons 409 9.112 {"name":"cuong","number":""}
GET /api/persons 200 84.340 {}
POST /api/persons 409 12.499 {"name":"cuong","number":""}
GET /api/persons 200 92.220 {}
POST /api/persons 400 16.840 {"name":"cuong","number":""}
POST /api/persons 400 2.350 {"name":"cuong","number":""}
POST /api/persons 200 98.404 {"name":"cuong","number":"wrjkhrwehr;w"}
PUT /api/persons/62001e70ac466560373b4e45 200 231.650 {"name":"cuong","number":"8506856"}
POST /api/persons 200 58.436 {"name":"cuong","number":"hehelghwl;k"}
POST /api/persons 200 126.258 {"name":"cuong","number":"hehelghwl;k"}
POST /api/persons 409 7.015 {"name":"cuong","number":"hehelghwl;k"}
POST /api/persons 409 0.897 {"name":"test","number":"gergwrb"}
GET /api/persons 200 97.353 {}
PUT /api/persons/62001e70ac466560373b4e45 200 83.841 {"name":"cuong","number":""}
GET /api/persons 200 59.868 {}
DELETE /api/persons/62001eb3561dbddb2af4fefa 204 105.606 {}
DELETE /api/persons/62001e90ac466560373b4e48 204 77.993 {}
DELETE /api/persons/62001e70ac466560373b4e45 204 72.866 {}
POST /api/persons 409 76.440 {"name":"cuong","number":"907309630"}
GET /api/persons 200 127.701 {}
GET /api/persons 200 166.266 {}
GET /api/persons 200 86.991 {}
GET /api/persons 200 72.029 {}
POST /api/persons 409 10.445 {"name":"ffhjh","number":""}
POST /api/persons 400 39.312 {"name":"cuong","number":""}
POST /api/persons 200 83.985 {"name":"cuong","number":"95435843"}
POST /api/persons 200 82.538 {"name":"traanh","number":"hwrrkrpt3ti"}
POST /api/persons 200 90.079 {"name":"cun","number":"4iutiotoit3t"}
POST /api/persons 200 215.942 {"name":"cun","number":"hehelghwl;k"}
GET /api/persons 200 83.131 {}
GET /api/persons 200 88.268 {}
DELETE /api/persons/6200218f716be3bf49dd042b 204 96.395 {}
GET /api/persons 200 63.683 {}
POST /api/persons 200 75.140 {"name":"cun","number":"hehelghwl;k"}
GET /api/persons 200 59.254 {}
POST /api/persons 200 68.162 {"name":"cuong","number":"hehelghwl;k"}
POST /api/persons 200 88.814 {"name":"cuong","number":"hehelghwl;k"}
GET /api/persons 200 139.171 {}
DELETE /api/persons/6200236545c6c2897f8f1af3 204 196.231 {}
DELETE /api/persons/6200230f54ceef6410ceab43 204 64.279 {}
DELETE /api/persons/620022d154ceef6410ceab40 204 58.329 {}
POST /api/persons 409 2.412 {"name":"cuong","number":"hehelghwl;k"}
GET /api/persons 200 70.165 {}
POST /api/persons 409 0.854 {"name":"test","number":"3;lk6l56k"}
GET /api/persons 200 120.526 {}
POST /api/persons 400 10.418 {"name":"test","number":"539906"}
POST /api/persons 200 91.640 {"name":"test","number":"retheryhreoiyhroi"}
POST /api/persons 200 58.997 {"name":"cuong","number":"hehelghwl;k"}
GET /api/persons 200 94.538 {}
DELETE /api/persons/6200342e498887369265a5f6 204 85.262 {}
POST /api/persons 200 136.012 {"name":"nib","number":"ejektj;'we"}
POST /api/persons 200 84.033 {"name":"cuong","number":"hehelghwl;k"}
GET /api/persons 200 78.979 {}
POST /api/persons 400 19.898 {"name":"hung","number":""}
POST /api/persons 200 431.457 {"name":"hung","number":"gnarekaerlh"}
PUT /api/persons/6200216e716be3bf49dd0425 200 77.337 {"name":"cuong","number":"gjgaerjhleh"}
PUT /api/persons/62003424498887369265a5f4 200 100.415 {"name":"test","number":"gklhgaklreha"}
POST /api/persons 200 409.430 {"name":"hoa","number":"gakajhlkj;'a"}
PUT /api/persons/6200374a5bf1977523041411 200 91.654 {"name":"hoa","number":"haoherhgl"}
POST /api/persons 200 60.033 {"name":"cuong","number":"hehelghwl;k"}
POST /api/persons 409 115.630 {"name":"cuong","number":"hehelghwl;k"}
POST /api/persons 200 61.594 {"name":"somethinelse","number":"gkahlkafghlakh"}
POST /api/persons 200 62.855 {"name":"cuong","number":"hehelghwl;k"}
GET /api/persons 200 247.959 {}
DELETE /api/persons/6200380808f7cc35731556c6 204 73.988 {}
DELETE /api/persons/620037865bf1977523041415 204 65.767 {}
DELETE /api/persons/6200381c08f7cc35731556cc 204 60.427 {}
DELETE /api/persons/620036246ced24e9d25fe5e3 204 64.478 {}
GET /api/persons 200 84.310 {}
GET /api/persons 200 95.021 {}
DELETE /api/persons/6200381608f7cc35731556c9 204 109.014 {}
POST /api/persons 409 0.871 {"name":"trang","number":"ikhkhklh"}
GET /api/persons 200 76.280 {}
POST /api/persons 200 364.853 {"name":"trang","number":"gkearglkerh"}
GET /api/persons 200 118.857 {}
POST /api/persons 200 67.772 {"name":"cuong","number":"hehelghwl;k"}
GET /api/persons 200 61.280 {}
DELETE /api/persons/62003d78ade77ae48d6757a5 204 64.845 {}
DELETE /api/persons/62003d26bb32f5bf5019087d 204 54.043 {}
GET /api/persons 200 72.573 {}
GET /api/persons 200 123.317 {}
POST /api/persons 409 90.692 {"name":"son","number":"tuerpyueayu"}
POST /api/persons 409 128.945 {"name":"hum","number":"wtrouopq'"}
GET /api/persons 200 106.984 {}
GET /api/persons 200 54.361 {}
GET /api/persons 200 81.937 {}
POST /api/persons 409 95.124 {"name":"ngan","number":"gkjelkrjhek'h"}
POST /api/persons 400 24.057 {"name":"hsnh","number":"klgrkhh"}
POST /api/persons 409 67.145 {"name":"hanh","number":"jgaoprehjoph"}
POST /api/persons 409 132.688 {"name":"gklkhl","number":"jg;rhj;lhjl;jh"}
GET /api/persons 200 70.513 {}
POST /api/persons 409 89.919 {"name":"jgbdjbh","number":"hlhjt'lhjrth"}
POST /api/persons 200 471.912 {"name":"tong","number":"hehelghwl;k"}
GET /api/persons 200 95.176 {}
POST /api/persons 200 79.915 {"name":"tong","number":"kjljtlrhjt;rl'h;k"}
GET /api/persons 200 118.978 {}
DELETE /api/persons/620041677d33f16974553328 204 67.647 {}
POST /api/persons 409 69.132 {"name":"tong","number":"kjljtlrhjt;rl'h;k"}
GET /api/persons 200 117.709 {}
DELETE /api/persons/620041c22ae8e17feef0d815 204 76.556 {}
POST /api/persons 200 387.591 {"name":"khanh","number":"tjhthqlhqr't"}
POST /api/persons 409 65.626 {"name":"tong","number":"kjljtlrhjt;rl'h;k"}
GET /api/persons 200 68.925 {}
GET /api/persons 200 89.944 {}
DELETE /api/persons/62004280d9ca311da45d9daa 204 57.251 {}
DELETE /api/persons/6200413c7d33f16974553324 204 57.089 {}
POST /api/persons 400 6.041 {"name":"tong","number":""}
POST /api/persons 200 149.113 {"name":"tong","number":"jterjtpotj"}
POST /api/persons 200 410.318 {"name":"tieng","number":"rgoher'gr"}
GET /api/persons 200 93.667 {}
POST /api/persons 200 164.812 {"name":"trung","number":"gljea'rljeh"}
POST /api/persons 409 58.087 {"name":"tong","number":"kjljtlrhjt;rl'h;k"}
POST /api/persons 409 57.332 {"name":"tong","number":"kjljtlrhjt;rl'h;k"}
POST /api/persons 409 54.332 {"name":"tong","number":"kjljtlrhjt;rl'h;k"}
POST /api/persons 409 57.089 {"name":"tong","number":"kjljtlrhjt;rl'h;k"}
POST /api/persons 200 107.969 {"name":"trien","number":"gkjfg'lege"}
PUT /api/persons/6200216e716be3bf49dd0425 200 72.731 {"name":"cuong","number":"gheogherao"}
POST /api/persons 400 113.324 {"name":"hgh","number":"dhgahg"}
