GET /api/persons - - {}
POST /api/persons - - {"name":"fnwnf","number":"fdfmdnmf"}
GET /api/persons - - {}
GET /api/persons 200 89.900 {}
POST /api/persons 400 101.928 {"name":"hehe","number":"hwhflke"}
GET /api/persons 200 213.287 {}
GET /api/persons 200 85.830 {}
POST /api/persons 400 92.047 {"name":"cuong","number":"hrhgerg"}
POST /api/persons 400 81.064 {"name":"cuong","number":"1234567890"}
POST /api/persons 200 130.725 {"name":"cuong","number":"123-234-2345345"}
POST /api/persons 400 87.983 {"name":"traanh","number":"12-3433-23243"}
POST /api/persons 400 154.199 {"name":"traanh","number":"123-12-2345"}
GET /api/persons 200 84.801 {}
POST /api/persons 200 189.338 {"name":"cuong","number":"123-3445645767"}
POST /api/persons 400 66.364 {"name":"traanh","number":"123-fdsf"}
POST /api/persons 400 63.425 {"name":"traanh","number":"123-fsdjkgggaga"}
POST /api/persons 400 55.663 {"name":"traanh","number":"12-22345464567"}
POST /api/persons 200 150.037 {"name":"traanh","number":"1234-432545567"}
GET /api/persons 200 151.240 {}
POST /api/persons 200 152.625 {"name":"cuong","number":"12-534645747"}
PUT /api/persons/62015c8d801183ecf9dfa1dc 200 89.236 {"name":"cuong","number":"1-543656"}
DELETE /api/persons/62015c8d801183ecf9dfa1dc 204 56.585 {}
POST /api/persons 200 196.067 {"name":"cuong","number":"123-5346347567"}
POST /api/persons 200 140.301 {"name":"traanh","number":"12435-45546"}
POST /api/persons 200 126.009 {"name":"cun","number":"12-5345677"}
POST /api/persons 400 62.974 {"name":"tra","number":"1-453566778"}
GET /api/persons 200 212.901 {}
POST /api/persons 200 138.217 {"name":"cuong","number":"12-546564564"}
POST /api/persons 200 137.464 {"name":"thanhtra","number":"12435-243243"}
POST /api/persons 200 159.935 {"name":"thanh","number":"12-4534656"}
POST /api/persons 400 97.569 {"name":"hehe","number":"1-343567657"}
GET /api/persons 200 100.459 {}
